#
# There is insufficient memory for the Java Runtime Environment to continue.
# Native memory allocation (mmap) failed to map 132120576 bytes for Failed to commit area from 0x0000000082000000 to 0x0000000089e00000 of length 132120576.
# Possible reasons:
#   The system is out of physical RAM or swap space
#   The process is running with CompressedOops enabled, and the Java Heap may be blocking the growth of the native heap
# Possible solutions:
#   Reduce memory load on the system
#   Increase physical memory or swap space
#   Check if swap backing store is full
#   Decrease Java heap size (-Xmx/-Xms)
#   Decrease number of Java threads
#   Decrease Java thread stack sizes (-Xss)
#   Set larger code cache with -XX:ReservedCodeCacheSize=
# This output file may be truncated or incomplete.
#
#  Out of Memory Error (t:/workspace/open/src/hotspot/os/windows/os_windows.cpp:3301), pid=8180, tid=8828
#
# JRE version:  (13.0.2+8) (build )
# Java VM: Java HotSpot(TM) 64-Bit Server VM (13.0.2+8, mixed mode, aot, sharing, tiered, compressed oops, g1 gc, windows-amd64)
# No core dump will be written. Minidumps are not enabled by default on client versions of Windows
#

---------------  S U M M A R Y ------------

Command Line: -Dfile.encoding=Cp1252 Main

Host: Intel(R) Core(TM) i7-8550U CPU @ 1.80GHz, 8 cores, 7G,  Windows 10 , 64 bit Build 17763 (10.0.17763.475)
Time: Thu Mar 11 18:05:39 2021 SE Asia Standard Time elapsed time: 0 seconds (0d 0h 0m 0s)

---------------  T H R E A D  ---------------

Current thread (0x00000194c7c21000):  JavaThread "Unknown thread" [_thread_in_vm, id=8828, stack(0x0000000fe6700000,0x0000000fe6800000)]

Stack: [0x0000000fe6700000,0x0000000fe6800000]
Native frames: (J=compiled Java code, j=interpreted, Vv=VM code, C=native code)
V  [jvm.dll+0x624f9a]
V  [jvm.dll+0x770cfa]
V  [jvm.dll+0x7724af]
V  [jvm.dll+0x772ab3]
V  [jvm.dll+0x24bf08]
V  [jvm.dll+0x6222aa]
V  [jvm.dll+0x6170b5]
V  [jvm.dll+0x30a88c]
V  [jvm.dll+0x30a6c2]
V  [jvm.dll+0x30fe36]
V  [jvm.dll+0x353f46]
V  [jvm.dll+0x353720]
V  [jvm.dll+0x2e550a]
V  [jvm.dll+0x2e67a2]
V  [jvm.dll+0x74dd78]
V  [jvm.dll+0x361989]
V  [jvm.dll+0x730e65]
V  [jvm.dll+0x3cc53f]
V  [jvm.dll+0x3ce861]
C  [jli.dll+0x51ff]
C  [ucrtbase.dll+0x2268a]
C  [KERNEL32.DLL+0x17974]
C  [ntdll.dll+0x5a2d1]


---------------  P R O C E S S  ---------------

Threads class SMR info:
_java_thread_list=0x00007ffd2086ccb8, length=0, elements={
}

Java Threads: ( => current thread )

Other Threads:
  0x00000194c7c63000 GCTaskThread "GC Thread#0" [stack: 0x0000000fe6800000,0x0000000fe6900000] [id=12208]
  0x00000194c7c76000 ConcurrentGCThread "G1 Main Marker" [stack: 0x0000000fe6900000,0x0000000fe6a00000] [id=2672]
  0x00000194c7c78000 ConcurrentGCThread "G1 Conc#0" [stack: 0x0000000fe6a00000,0x0000000fe6b00000] [id=10736]

[error occurred during error reporting (printing all threads), id 0xc0000005, EXCEPTION_ACCESS_VIOLATION (0xc0000005) at pc=0x00007ffd200a51d7]

VM state:not at safepoint (not fully initialized)

VM Mutex/Monitor currently owned by a thread:  ([mutex/lock_event])
[0x00000194c5b3ca50] Heap_lock - owner thread: 0x00000194c7c21000

Heap address: 0x0000000082000000, size: 2016 MB, Compressed Oops mode: Non-zero based: 0x0000000082000000
Narrow klass base: 0x0000000000000000, Narrow klass shift: 0

GC Heap History (0 events):
No events

Deoptimization events (0 events):
No events

Classes unloaded (0 events):
No events

Classes redefined (0 events):
No events

Internal exceptions (0 events):
No events

Events (8 events):
Event: 0.005 Loaded shared library C:\Program Files\Java\jdk-13.0.2\bin\zip.dll
Event: 0.005 Loaded shared library C:\Program Files\Java\jdk-13.0.2\bin\jimage.dll
Event: 0.006 Loading shared library C:\Program Files\Java\jdk-13.0.2\lib\libjava.base-coop.dll failed, error code 126
Event: 0.006 Loading shared library C:\Program Files\Java\jdk-13.0.2\lib\libjava.logging-coop.dll failed, error code 126
Event: 0.006 Loading shared library C:\Program Files\Java\jdk-13.0.2\lib\libjdk.compiler-coop.dll failed, error code 126
Event: 0.006 Loading shared library C:\Program Files\Java\jdk-13.0.2\lib\libjdk.scripting.nashorn-coop.dll failed, error code 126
Event: 0.007 Loading shared library C:\Program Files\Java\jdk-13.0.2\lib\libjdk.internal.vm.ci-coop.dll failed, error code 126
Event: 0.007 Loading shared library C:\Program Files\Java\jdk-13.0.2\lib\libjdk.internal.vm.compiler-coop.dll failed, error code 126


Dynamic libraries:
0x00007ff67fd70000 - 0x00007ff67fd7f000 	C:\Program Files\Java\jdk-13.0.2\bin\javaw.exe
0x00007ffd77df0000 - 0x00007ffd77fdc000 	C:\WINDOWS\SYSTEM32\ntdll.dll
0x00007ffd77bd0000 - 0x00007ffd77c83000 	C:\WINDOWS\System32\KERNEL32.DLL
0x00007ffd748c0000 - 0x00007ffd74b54000 	C:\WINDOWS\System32\KERNELBASE.dll
0x00007ffd74760000 - 0x00007ffd7485a000 	C:\WINDOWS\System32\ucrtbase.dll
0x00007ffd65370000 - 0x00007ffd65385000 	C:\Program Files\Java\jdk-13.0.2\bin\VCRUNTIME140.dll
0x00007ffd6f3b0000 - 0x00007ffd6f3c8000 	C:\Program Files\Java\jdk-13.0.2\bin\jli.dll
0x00007ffd76e00000 - 0x00007ffd76ea3000 	C:\WINDOWS\System32\ADVAPI32.dll
0x00007ffd75120000 - 0x00007ffd751be000 	C:\WINDOWS\System32\msvcrt.dll
0x00007ffd77870000 - 0x00007ffd7790f000 	C:\WINDOWS\System32\sechost.dll
0x00007ffd769d0000 - 0x00007ffd76af0000 	C:\WINDOWS\System32\RPCRT4.dll
0x00007ffd76830000 - 0x00007ffd769c7000 	C:\WINDOWS\System32\USER32.dll
0x00007ffd74b60000 - 0x00007ffd74b80000 	C:\WINDOWS\System32\win32u.dll
0x00007ffd63a30000 - 0x00007ffd63ca9000 	C:\WINDOWS\WinSxS\amd64_microsoft.windows.common-controls_6595b64144ccf1df_6.0.17763.1757_none_de724378534a71c4\COMCTL32.dll
0x00007ffd77910000 - 0x00007ffd77939000 	C:\WINDOWS\System32\GDI32.dll
0x00007ffd77530000 - 0x00007ffd7785e000 	C:\WINDOWS\System32\combase.dll
0x00007ffd74e60000 - 0x00007ffd74ffc000 	C:\WINDOWS\System32\gdi32full.dll
0x00007ffd73ec0000 - 0x00007ffd73f3f000 	C:\WINDOWS\System32\bcryptPrimitives.dll
0x00007ffd73f40000 - 0x00007ffd73fe0000 	C:\WINDOWS\System32\msvcp_win.dll
0x00007ffd6ec30000 - 0x00007ffd6ec3a000 	C:\WINDOWS\SYSTEM32\VERSION.dll
0x00007ffd77ba0000 - 0x00007ffd77bce000 	C:\WINDOWS\System32\IMM32.DLL
0x00007ffd64510000 - 0x00007ffd645ab000 	C:\Program Files\Java\jdk-13.0.2\bin\msvcp140.dll
0x00007ffd1fdb0000 - 0x00007ffd2090d000 	C:\Program Files\Java\jdk-13.0.2\bin\server\jvm.dll
0x00007ffd770a0000 - 0x00007ffd770a8000 	C:\WINDOWS\System32\PSAPI.DLL
0x00007ffd5ea30000 - 0x00007ffd5ea39000 	C:\WINDOWS\SYSTEM32\WSOCK32.dll
0x00007ffd6ffb0000 - 0x00007ffd6ffd4000 	C:\WINDOWS\SYSTEM32\WINMM.dll
0x00007ffd77030000 - 0x00007ffd7709d000 	C:\WINDOWS\System32\WS2_32.dll
0x00007ffd6ff60000 - 0x00007ffd6ff8d000 	C:\WINDOWS\SYSTEM32\winmmbase.dll
0x00007ffd74d60000 - 0x00007ffd74daa000 	C:\WINDOWS\System32\cfgmgr32.dll
0x00007ffd73df0000 - 0x00007ffd73e01000 	C:\WINDOWS\System32\kernel.appcore.dll
0x00007ffd653d0000 - 0x00007ffd653e0000 	C:\Program Files\Java\jdk-13.0.2\bin\verify.dll
0x00007ffd6f180000 - 0x00007ffd6f36d000 	C:\WINDOWS\SYSTEM32\DBGHELP.DLL
0x00007ffd5d5f0000 - 0x00007ffd5d61a000 	C:\WINDOWS\SYSTEM32\dbgcore.DLL
0x00007ffd580c0000 - 0x00007ffd580e6000 	C:\Program Files\Java\jdk-13.0.2\bin\java.dll
0x00007ffd64200000 - 0x00007ffd64217000 	C:\Program Files\Java\jdk-13.0.2\bin\zip.dll
0x00007ffd65210000 - 0x00007ffd6521a000 	C:\Program Files\Java\jdk-13.0.2\bin\jimage.dll

dbghelp: loaded successfully - version: 4.0.5 - missing functions: none
symbol engine: initialized successfully - sym options: 0x614 - pdb path: .;C:\Program Files\Java\jdk-13.0.2\bin;C:\WINDOWS\SYSTEM32;C:\WINDOWS\WinSxS\amd64_microsoft.windows.common-controls_6595b64144ccf1df_6.0.17763.1757_none_de724378534a71c4;C:\Program Files\Java\jdk-13.0.2\bin\server

VM Arguments:
jvm_args: -Dfile.encoding=Cp1252 
java_command: Main
java_class_path (initial): D:\eclipse-workspace\Projet_git\bonEsprit\BonEsprit\bin
Launcher Type: SUN_STANDARD

[Global flags]
     intx CICompilerCount                          = 4                                         {product} {ergonomic}
     uint ConcGCThreads                            = 2                                         {product} {ergonomic}
     uint G1ConcRefinementThreads                  = 8                                         {product} {ergonomic}
   size_t G1HeapRegionSize                         = 1048576                                   {product} {ergonomic}
    uintx GCDrainStackTargetSize                   = 64                                        {product} {ergonomic}
   size_t InitialHeapSize                          = 132120576                                 {product} {ergonomic}
   size_t MarkStackSize                            = 4194304                                   {product} {ergonomic}
   size_t MaxHeapSize                              = 2113929216                                {product} {ergonomic}
   size_t MinHeapDeltaBytes                        = 1048576                                   {product} {ergonomic}
   size_t MinHeapSize                              = 8388608                                   {product} {ergonomic}
    uintx NonNMethodCodeHeapSize                   = 5839372                                {pd product} {ergonomic}
    uintx NonProfiledCodeHeapSize                  = 122909434                              {pd product} {ergonomic}
    uintx ProfiledCodeHeapSize                     = 122909434                              {pd product} {ergonomic}
    uintx ReservedCodeCacheSize                    = 251658240                              {pd product} {ergonomic}
     bool SegmentedCodeCache                       = true                                      {product} {ergonomic}
   size_t SoftMaxHeapSize                          = 2113929216                             {manageable} {ergonomic}
     bool UseCompressedClassPointers               = true                                 {lp64_product} {ergonomic}
     bool UseCompressedOops                        = true                                 {lp64_product} {ergonomic}
     bool UseG1GC                                  = true                                      {product} {ergonomic}
     bool UseLargePagesIndividualAllocation        = false                                  {pd product} {ergonomic}

Logging:
Log output configuration:
 #0: stdout all=warning uptime,level,tags
 #1: stderr all=off uptime,level,tags

Environment Variables:
PATH=C:/Program Files/Java/jdk-13.0.2/bin/server;C:/Program Files/Java/jdk-13.0.2/bin;C:\WINDOWS\system32;C:\WINDOWS;C:\WINDOWS\System32\Wbem;C:\WINDOWS\System32\WindowsPowerShell\v1.0\;C:\WINDOWS\System32\OpenSSH\;C:\Program Files (x86)\Intel\Intel(R) Management Engine Components\DAL;C:\Program Files\Intel\Intel(R) Management Engine Components\DAL;C:\Program Files\dotnet\;C:\Program Files\Java\jdk-13.0.2\bin;C:\R\R-3.6.2\bin;C:\Program Files\Git\cmd;C:\Program Files\nodejs\;C:\Program Files\Microsoft SQL Server\Client SDK\ODBC\170\Tools\Binn\;C:\Program Files (x86)\Microsoft SQL Server\150\Tools\Binn\;C:\Program Files\Microsoft SQL Server\150\Tools\Binn\;C:\Program Files\Microsoft SQL Server\150\DTS\Binn\;C:\Program Files (x86)\Microsoft SQL Server\150\DTS\Binn\;C:\Program Files\Azure Data Studio\bin;C:\Program Files\Microsoft SQL Server\130\Tools\Binn\;C:\Program Files (x86)\dotnet\;C:\Users\Meow\AppData\Local\Programs\Python\Python39\Scripts\;C:\Users\Meow\AppData\Local\Programs\Python\Python39\;C:\Users\Meow\AppData\Local\Programs\Python\Python38-32\Scripts\;C:\Users\Meow\AppData\Local\Programs\Python\Python38-32\;C:\Users\Meow\Anaconda3;C:\Users\Meow\Anaconda3\Library\mingw-w64\bin;C:\Users\Meow\Anaconda3\Library\usr\bin;C:\Users\Meow\Anaconda3\Library\bin;C:\Users\Meow\Anaconda3\Scripts;C:\Users\Meow\AppData\Local\Microsoft\WindowsApps;C:\MinGW\bin;C:\Users\Meow\AppData\Local\Programs\Microsoft VS Code\bin;C:\Users\Meow\AppData\Roaming\npm;C:\Program Files\MongoDB\Server\4.4\bin;;C:\Program Files\Azure Data Studio\bin;C:\Users\Meow\.dotnet\tools;C:\WINDOWS\System32;
USERNAME=Meow
OS=Windows_NT
PROCESSOR_IDENTIFIER=Intel64 Family 6 Model 142 Stepping 10, GenuineIntel



---------------  S Y S T E M  ---------------

OS: Windows 10 , 64 bit Build 17763 (10.0.17763.475)

CPU:total 8 (initial active 8) (4 cores per cpu, 2 threads per core) family 6 model 142 stepping 10, cmov, cx8, fxsr, mmx, sse, sse2, sse3, ssse3, sse4.1, sse4.2, popcnt, avx, avx2, aes, clmul, erms, 3dnowpref, lzcnt, ht, tsc, tscinvbit, bmi1, bmi2, adx, fma

Memory: 4k page, system-wide physical 8057M (1185M free)
TotalPageFile size 12153M (AvailPageFile size 83M)
current process WorkingSet (physical memory assigned to process): 10M, peak: 10M
current process commit charge ("private bytes"): 60M, peak: 186M

vm_info: Java HotSpot(TM) 64-Bit Server VM (13.0.2+8) for windows-amd64 JRE (13.0.2+8), built on Dec 11 2019 09:20:33 by "mach5one" with unknown MS VC++:1916

END.
